{
  "stats": {
    "suites": 1,
    "tests": 5,
    "passes": 5,
    "pending": 0,
    "failures": 0,
    "start": "2022-08-26T07:08:16.277Z",
    "end": "2022-08-26T07:08:19.744Z",
    "duration": 3467,
    "testsRegistered": 5,
    "passPercent": 100,
    "pendingPercent": 0,
    "other": 0,
    "hasOther": false,
    "skipped": 0,
    "hasSkipped": false
  },
  "results": [
    {
      "uuid": "41110c6a-d9d6-479d-a0ca-fa28001cd4f9",
      "title": "",
      "fullFile": "cypress/integration/OneFootballTechnicalTask/oneFootBall.js",
      "file": "cypress/integration/OneFootballTechnicalTask/oneFootBall.js",
      "beforeHooks": [],
      "afterHooks": [],
      "tests": [],
      "suites": [
        {
          "uuid": "2b09ff65-a81d-434c-9f12-91a5ecb75516",
          "title": "Wikipedia Advance Search Functionality",
          "fullFile": "",
          "file": "",
          "beforeHooks": [],
          "afterHooks": [],
          "tests": [
            {
              "title": "verify the searched article in the header",
              "fullTitle": "Wikipedia Advance Search Functionality verify the searched article in the header",
              "timedOut": null,
              "duration": 3003,
              "state": "passed",
              "speed": "fast",
              "pass": true,
              "fail": false,
              "pending": false,
              "context": null,
              "code": "cy.verifyHeaderText().then(headerText => {\n  expect(headerText).to.contain(searchText);\n});",
              "err": {},
              "uuid": "8ad3f31d-c09e-49ba-b70d-bf577dfb43c8",
              "parentUUID": "2b09ff65-a81d-434c-9f12-91a5ecb75516",
              "isHook": false,
              "skipped": false
            },
            {
              "title": "Verify the title",
              "fullTitle": "Wikipedia Advance Search Functionality Verify the title",
              "timedOut": null,
              "duration": 169,
              "state": "passed",
              "speed": "fast",
              "pass": true,
              "fail": false,
              "pending": false,
              "context": null,
              "code": "cy.title().should('include', searchText);",
              "err": {},
              "uuid": "71143063-569f-4554-921a-81f8586b43e4",
              "parentUUID": "2b09ff65-a81d-434c-9f12-91a5ecb75516",
              "isHook": false,
              "skipped": false
            },
            {
              "title": "Verify the url",
              "fullTitle": "Wikipedia Advance Search Functionality Verify the url",
              "timedOut": null,
              "duration": 26,
              "state": "passed",
              "speed": "fast",
              "pass": true,
              "fail": false,
              "pending": false,
              "context": null,
              "code": "cy.url().should('include', searchText);",
              "err": {},
              "uuid": "d9ce4173-46ed-4468-9063-64920dd61c53",
              "parentUUID": "2b09ff65-a81d-434c-9f12-91a5ecb75516",
              "isHook": false,
              "skipped": false
            },
            {
              "title": "Search for Founder and return value ",
              "fullTitle": "Wikipedia Advance Search Functionality Search for Founder and return value ",
              "timedOut": null,
              "duration": 128,
              "state": "passed",
              "speed": "fast",
              "pass": true,
              "fail": false,
              "pending": false,
              "context": null,
              "code": "cy.infoBoxValue('Founder').then(infoValue => {\n  expect(infoValue).to.contain('Lucas von Cranach');\n});",
              "err": {},
              "uuid": "23ef9464-2834-4061-a23b-f96e331d6e94",
              "parentUUID": "2b09ff65-a81d-434c-9f12-91a5ecb75516",
              "isHook": false,
              "skipped": false
            },
            {
              "title": "Pass the country and return the competition ",
              "fullTitle": "Wikipedia Advance Search Functionality Pass the country and return the competition ",
              "timedOut": null,
              "duration": 44,
              "state": "passed",
              "speed": "fast",
              "pass": true,
              "fail": false,
              "pending": false,
              "context": null,
              "code": "cy.countryVsCompetition('Germany').then(competitionResult => {\n  expect(competitionResult).to.eq('Bundesliga');\n});",
              "err": {},
              "uuid": "6732e5e1-75ff-4f31-92b0-51deeed31d95",
              "parentUUID": "2b09ff65-a81d-434c-9f12-91a5ecb75516",
              "isHook": false,
              "skipped": false
            }
          ],
          "suites": [],
          "passes": [
            "8ad3f31d-c09e-49ba-b70d-bf577dfb43c8",
            "71143063-569f-4554-921a-81f8586b43e4",
            "d9ce4173-46ed-4468-9063-64920dd61c53",
            "23ef9464-2834-4061-a23b-f96e331d6e94",
            "6732e5e1-75ff-4f31-92b0-51deeed31d95"
          ],
          "failures": [],
          "pending": [],
          "skipped": [],
          "duration": 3370,
          "root": false,
          "rootEmpty": false,
          "_timeout": 2000
        }
      ],
      "passes": [],
      "failures": [],
      "pending": [],
      "skipped": [],
      "duration": 0,
      "root": true,
      "rootEmpty": true,
      "_timeout": 2000
    }
  ],
  "meta": {
    "mocha": {
      "version": "7.0.1"
    },
    "mochawesome": {
      "options": {
        "quiet": false,
        "reportFilename": "report",
        "saveHtml": true,
        "saveJson": true,
        "consoleReporter": "spec",
        "useInlineDiffs": false,
        "code": true
      },
      "version": "7.1.3"
    },
    "marge": {
      "options": {
        "reportDir": "cypress/reports",
        "reportFilename": "report",
        "overwrite": true,
        "html": true,
        "json": true,
        "charts": true
      },
      "version": "6.2.0"
    }
  }
}